2018-05-18 更新点击为随机和顺序交叉 避免一直顺序导致业原火有可能一直开始不了，一直随机导致双开可能很多次一直同一窗口
2018-05-18 更新y轴随机范围 取消向下随机 避免在魂十点到式神(可能还需要继续调)
**************************************
2018-05-21 鼠标点击由顶部改到底部 解决食刺玉魂十时会标记到大蛇
2018-05-21 4s左右一次接收协作
**************************************
2018-05-21 更新文档插入第4点,升到3.3版本: 要求使用者如果是非司机,请先进入到探索界面再进行组队，避免在主界面点到不该点的地方导致战斗无法进行下去
**************************************
版本升到3.4
2018-05-22 优化了操作: 去掉了第一次使用设置管理员运行和按<Enter>键开始步骤.在启动时会自动最小化窗口,省去了不必要操作.但要求启动时右键管理员运行bat.
**************************************
版本升到3.5
2018-05-25 经寮友反馈，把窗口显示权交给使用者.在配置cfg.ini里面设置
**************************************
版本升到3.6
2018-05-25 随机鼠标移动范围修改，查看是否还会弹出那些sb界面
**************************************
版本升到3.7
2018-07-25 任务位置修改。单人不会点到锁定阵容
**************************************
版本升到3.8
2018-09-05 多窗口也点开始游戏 底部位置两次。去掉了司机要在左边的限制，现在司机在左或者右都可以了。
**************************************
版本升到3.9
2018-09-05 底部位置上调，避免双击全屏
**************************************
版本升到3.10
2018-09-05 去掉了第一次要设置管理员模式的zz操作。
**************************************
版本升到3.11
2019-02-13 启动失败时写错误日志文件。
2019-02-14 去掉显示日志(有些pc上会报错)
2019-02-14 去掉cfg配置，不允许显示窗口
